{"/home/christoph/Documents/tokensale/etherisc-tge/contracts/protocol/TokenStake.sol":{"l":{"31":7,"36":9,"37":7,"38":7,"39":7,"41":2,"46":0,"51":2,"52":2,"53":2,"55":0,"56":0,"61":0},"path":"/home/christoph/Documents/tokensale/etherisc-tge/contracts/protocol/TokenStake.sol","s":{"1":7,"2":9,"3":7,"4":7,"5":7,"6":2,"7":0,"8":2,"9":2,"10":2,"11":0,"12":0},"b":{"1":[7,2],"2":[2,0]},"f":{"1":7,"2":9,"3":0,"4":2,"5":0},"fnMap":{"1":{"name":"TokenStake","line":30,"loc":{"start":{"line":30,"column":2},"end":{"line":30,"column":44}}},"2":{"name":"stakeFor","line":35,"loc":{"start":{"line":35,"column":2},"end":{"line":35,"column":67}}},"3":{"name":"stake","line":45,"loc":{"start":{"line":45,"column":2},"end":{"line":45,"column":56}}},"4":{"name":"releaseFor","line":49,"loc":{"start":{"line":49,"column":2},"end":{"line":49,"column":80}}},"5":{"name":"release","line":60,"loc":{"start":{"line":60,"column":2},"end":{"line":60,"column":55}}}},"statementMap":{"1":{"start":{"line":31,"column":4},"end":{"line":31,"column":17}},"2":{"start":{"line":36,"column":4},"end":{"line":36,"column":986}},"3":{"start":{"line":37,"column":6},"end":{"line":37,"column":50}},"4":{"start":{"line":38,"column":6},"end":{"line":38,"column":28}},"5":{"start":{"line":39,"column":6},"end":{"line":39,"column":17}},"6":{"start":{"line":41,"column":6},"end":{"line":41,"column":18}},"7":{"start":{"line":46,"column":4},"end":{"line":46,"column":39}},"8":{"start":{"line":51,"column":4},"end":{"line":51,"column":1464}},"9":{"start":{"line":52,"column":6},"end":{"line":52,"column":35}},"10":{"start":{"line":53,"column":6},"end":{"line":53,"column":17}},"11":{"start":{"line":56,"column":6},"end":{"line":56,"column":18}},"12":{"start":{"line":61,"column":4},"end":{"line":61,"column":41}}},"branchMap":{"1":{"line":36,"type":"if","locations":[{"start":{"line":36,"column":4},"end":{"line":36,"column":4}},{"start":{"line":36,"column":4},"end":{"line":36,"column":4}}]},"2":{"line":51,"type":"if","locations":[{"start":{"line":51,"column":4},"end":{"line":51,"column":4}},{"start":{"line":51,"column":4},"end":{"line":51,"column":4}}]}}},"/home/christoph/Documents/tokensale/etherisc-tge/contracts/token/DipToken.sol":{"l":{"28":0,"29":0,"30":0},"path":"/home/christoph/Documents/tokensale/etherisc-tge/contracts/token/DipToken.sol","s":{"1":0,"2":0,"3":0},"b":{"1":[0,0]},"f":{"1":0},"fnMap":{"1":{"name":"mint","line":27,"loc":{"start":{"line":27,"column":2},"end":{"line":27,"column":60}}}},"statementMap":{"1":{"start":{"line":28,"column":4},"end":{"line":28,"column":861}},"2":{"start":{"line":29,"column":6},"end":{"line":29,"column":18}},"3":{"start":{"line":30,"column":4},"end":{"line":30,"column":35}}},"branchMap":{"1":{"line":28,"type":"if","locations":[{"start":{"line":28,"column":4},"end":{"line":28,"column":4}},{"start":{"line":28,"column":4},"end":{"line":28,"column":4}}]}}},"/home/christoph/Documents/tokensale/etherisc-tge/contracts/tokensale/DipTge.sol":{"l":{"64":0,"65":0,"67":0,"73":0,"82":0,"89":0,"91":0,"100":0},"path":"/home/christoph/Documents/tokensale/etherisc-tge/contracts/tokensale/DipTge.sol","s":{"1":0,"2":0,"3":0,"4":0,"5":0,"6":0},"b":{"1":[0,0]},"f":{"1":0,"2":0,"3":0,"4":0,"5":0},"fnMap":{"1":{"name":"DipTge","line":48,"loc":{"start":{"line":48,"column":2},"end":{"line":62,"column":3}}},"2":{"name":"unpauseToken","line":71,"loc":{"start":{"line":71,"column":2},"end":{"line":71,"column":35}}},"3":{"name":"createTokenContract","line":81,"loc":{"start":{"line":81,"column":2},"end":{"line":81,"column":65}}},"4":{"name":"finalization","line":88,"loc":{"start":{"line":88,"column":2},"end":{"line":88,"column":34}}},"5":{"name":"salvageTokens","line":99,"loc":{"start":{"line":99,"column":2},"end":{"line":99,"column":66}}}},"statementMap":{"1":{"start":{"line":64,"column":4},"end":{"line":64,"column":21}},"2":{"start":{"line":65,"column":4},"end":{"line":65,"column":15}},"3":{"start":{"line":67,"column":4},"end":{"line":67,"column":18}},"4":{"start":{"line":73,"column":4},"end":{"line":73,"column":18}},"5":{"start":{"line":82,"column":4},"end":{"line":82,"column":25}},"6":{"start":{"line":89,"column":4},"end":{"line":89,"column":55}}},"branchMap":{"1":{"line":64,"type":"if","locations":[{"start":{"line":64,"column":4},"end":{"line":64,"column":4}},{"start":{"line":64,"column":4},"end":{"line":64,"column":4}}]}}},"/home/christoph/Documents/tokensale/etherisc-tge/contracts/tokensale/DipWhitelistedCrowdsale.sol":{"l":{"67":0,"68":0,"69":0,"70":0,"71":0,"85":0,"90":0,"91":0,"92":0,"94":0,"95":0,"106":0,"107":0,"108":0,"110":0,"114":0,"115":0,"118":0,"120":0,"122":0,"125":0,"127":0,"129":0,"137":0,"139":0,"140":0,"141":0,"149":0,"150":0,"158":0,"159":0,"167":0,"168":0,"175":0,"176":0,"186":0,"187":0,"189":0,"190":0,"191":0,"193":0,"194":0,"195":0,"198":0,"200":0,"203":0,"204":0,"205":0,"207":0,"208":0,"210":0,"211":0,"213":0,"216":0,"226":0,"227":0},"path":"/home/christoph/Documents/tokensale/etherisc-tge/contracts/tokensale/DipWhitelistedCrowdsale.sol","s":{"1":0,"2":0,"3":0,"4":0,"5":0,"6":0,"7":0,"8":0,"9":0,"10":0,"11":0,"12":0,"13":0,"14":0,"15":0,"16":0,"17":0,"18":0,"19":0,"20":0,"21":0,"22":0,"23":0,"24":0,"25":0,"26":0,"27":0,"28":0,"29":0,"30":0,"31":0,"32":0,"33":0,"34":0,"35":0,"36":0,"37":0,"38":0,"39":0,"40":0,"41":0,"42":0,"43":0,"44":0,"45":0,"46":0,"47":0,"48":0,"49":0,"50":0,"51":0,"52":0,"53":0,"54":0,"55":0,"56":0,"57":0,"58":0,"59":0,"60":0},"b":{"1":[0,0],"2":[0,0],"3":[0,0],"4":[0,0],"5":[0,0],"6":[0,0],"7":[0,0],"8":[0,0],"9":[0,0],"10":[0,0],"11":[0,0],"12":[0,0],"13":[0,0],"14":[0,0],"15":[0,0],"16":[0,0],"17":[0,0],"18":[0,0],"19":[0,0]},"f":{"1":0,"2":0,"3":0,"4":0,"5":0,"6":0},"fnMap":{"1":{"name":"DipWhitelistedCrowdsale","line":59,"loc":{"start":{"line":59,"column":2},"end":{"line":66,"column":3}}},"2":{"name":"editContributors","line":78,"loc":{"start":{"line":78,"column":2},"end":{"line":83,"column":5}}},"3":{"name":"calculateMaxContribution","line":104,"loc":{"start":{"line":104,"column":2},"end":{"line":104,"column":84}}},"4":{"name":"setCrowdsaleState","line":135,"loc":{"start":{"line":135,"column":2},"end":{"line":135,"column":30}}},"5":{"name":"buyTokens","line":185,"loc":{"start":{"line":185,"column":2},"end":{"line":185,"column":50}}},"6":{"name":"validPurchase","line":225,"loc":{"start":{"line":225,"column":2},"end":{"line":225,"column":59}}}},"statementMap":{"1":{"start":{"line":67,"column":4},"end":{"line":67,"column":39}},"2":{"start":{"line":68,"column":4},"end":{"line":68,"column":39}},"3":{"start":{"line":69,"column":4},"end":{"line":69,"column":19}},"4":{"start":{"line":70,"column":4},"end":{"line":70,"column":23}},"5":{"start":{"line":71,"column":4},"end":{"line":71,"column":23}},"6":{"start":{"line":85,"column":4},"end":{"line":85,"column":2427}},"7":{"start":{"line":90,"column":4},"end":{"line":90,"column":2631}},"8":{"start":{"line":91,"column":6},"end":{"line":91,"column":102}},"9":{"start":{"line":92,"column":6},"end":{"line":92,"column":97}},"10":{"start":{"line":94,"column":6},"end":{"line":94,"column":74}},"11":{"start":{"line":107,"column":4},"end":{"line":107,"column":3359}},"12":{"start":{"line":108,"column":6},"end":{"line":108,"column":19}},"13":{"start":{"line":109,"column":11},"end":{"line":109,"column":3436}},"14":{"start":{"line":110,"column":6},"end":{"line":110,"column":3537}},"15":{"start":{"line":114,"column":6},"end":{"line":114,"column":3684}},"16":{"start":{"line":115,"column":8},"end":{"line":115,"column":40}},"17":{"start":{"line":117,"column":11},"end":{"line":117,"column":3784}},"18":{"start":{"line":118,"column":6},"end":{"line":118,"column":3842}},"19":{"start":{"line":120,"column":8},"end":{"line":120,"column":40}},"20":{"start":{"line":122,"column":8},"end":{"line":122,"column":21}},"21":{"start":{"line":124,"column":11},"end":{"line":124,"column":4062}},"22":{"start":{"line":125,"column":6},"end":{"line":125,"column":38}},"23":{"start":{"line":127,"column":6},"end":{"line":127,"column":19}},"24":{"start":{"line":129,"column":4},"end":{"line":129,"column":21}},"25":{"start":{"line":137,"column":4},"end":{"line":137,"column":4309}},"26":{"start":{"line":139,"column":6},"end":{"line":139,"column":42}},"27":{"start":{"line":140,"column":6},"end":{"line":140,"column":34}},"28":{"start":{"line":141,"column":6},"end":{"line":141,"column":30}},"29":{"start":{"line":143,"column":11},"end":{"line":143,"column":4508}},"30":{"start":{"line":149,"column":6},"end":{"line":149,"column":40}},"31":{"start":{"line":150,"column":6},"end":{"line":150,"column":32}},"32":{"start":{"line":152,"column":11},"end":{"line":152,"column":4736}},"33":{"start":{"line":158,"column":6},"end":{"line":158,"column":46}},"34":{"start":{"line":159,"column":6},"end":{"line":159,"column":32}},"35":{"start":{"line":161,"column":11},"end":{"line":161,"column":4981}},"36":{"start":{"line":167,"column":6},"end":{"line":167,"column":37}},"37":{"start":{"line":168,"column":6},"end":{"line":168,"column":32}},"38":{"start":{"line":170,"column":11},"end":{"line":170,"column":5222}},"39":{"start":{"line":175,"column":8},"end":{"line":175,"column":44}},"40":{"start":{"line":176,"column":8},"end":{"line":176,"column":32}},"41":{"start":{"line":186,"column":4},"end":{"line":186,"column":31}},"42":{"start":{"line":187,"column":4},"end":{"line":187,"column":27}},"43":{"start":{"line":189,"column":4},"end":{"line":189,"column":32}},"44":{"start":{"line":190,"column":4},"end":{"line":190,"column":62}},"45":{"start":{"line":193,"column":4},"end":{"line":193,"column":5759}},"46":{"start":{"line":194,"column":6},"end":{"line":194,"column":39}},"47":{"start":{"line":195,"column":6},"end":{"line":195,"column":27}},"48":{"start":{"line":198,"column":4},"end":{"line":198,"column":5872}},"49":{"start":{"line":200,"column":6},"end":{"line":200,"column":41}},"50":{"start":{"line":203,"column":6},"end":{"line":203,"column":41}},"51":{"start":{"line":204,"column":6},"end":{"line":204,"column":6087}},"52":{"start":{"line":205,"column":8},"end":{"line":205,"column":34}},"53":{"start":{"line":207,"column":6},"end":{"line":207,"column":53}},"54":{"start":{"line":207,"column":45},"end":{"line":207,"column":52}},"55":{"start":{"line":208,"column":6},"end":{"line":208,"column":63}},"56":{"start":{"line":210,"column":6},"end":{"line":210,"column":119}},"57":{"start":{"line":211,"column":6},"end":{"line":211,"column":104}},"58":{"start":{"line":216,"column":4},"end":{"line":216,"column":48}},"59":{"start":{"line":226,"column":4},"end":{"line":226,"column":22}},"60":{"start":{"line":227,"column":4},"end":{"line":227,"column":32}}},"branchMap":{"1":{"line":85,"type":"if","locations":[{"start":{"line":85,"column":4},"end":{"line":85,"column":4}},{"start":{"line":85,"column":4},"end":{"line":85,"column":4}}]},"2":{"line":107,"type":"if","locations":[{"start":{"line":107,"column":4},"end":{"line":107,"column":4}},{"start":{"line":107,"column":4},"end":{"line":107,"column":4}}]},"3":{"line":109,"type":"if","locations":[{"start":{"line":109,"column":11},"end":{"line":109,"column":11}},{"start":{"line":109,"column":11},"end":{"line":109,"column":11}}]},"4":{"line":114,"type":"if","locations":[{"start":{"line":114,"column":6},"end":{"line":114,"column":6}},{"start":{"line":114,"column":6},"end":{"line":114,"column":6}}]},"5":{"line":117,"type":"if","locations":[{"start":{"line":117,"column":11},"end":{"line":117,"column":11}},{"start":{"line":117,"column":11},"end":{"line":117,"column":11}}]},"6":{"line":118,"type":"if","locations":[{"start":{"line":118,"column":6},"end":{"line":118,"column":6}},{"start":{"line":118,"column":6},"end":{"line":118,"column":6}}]},"7":{"line":124,"type":"if","locations":[{"start":{"line":124,"column":11},"end":{"line":124,"column":11}},{"start":{"line":124,"column":11},"end":{"line":124,"column":11}}]},"8":{"line":137,"type":"if","locations":[{"start":{"line":137,"column":4},"end":{"line":137,"column":4}},{"start":{"line":137,"column":4},"end":{"line":137,"column":4}}]},"9":{"line":143,"type":"if","locations":[{"start":{"line":143,"column":11},"end":{"line":143,"column":11}},{"start":{"line":143,"column":11},"end":{"line":143,"column":11}}]},"10":{"line":152,"type":"if","locations":[{"start":{"line":152,"column":11},"end":{"line":152,"column":11}},{"start":{"line":152,"column":11},"end":{"line":152,"column":11}}]},"11":{"line":161,"type":"if","locations":[{"start":{"line":161,"column":11},"end":{"line":161,"column":11}},{"start":{"line":161,"column":11},"end":{"line":161,"column":11}}]},"12":{"line":170,"type":"if","locations":[{"start":{"line":170,"column":11},"end":{"line":170,"column":11}},{"start":{"line":170,"column":11},"end":{"line":170,"column":11}}]},"13":{"line":186,"type":"if","locations":[{"start":{"line":186,"column":4},"end":{"line":186,"column":4}},{"start":{"line":186,"column":4},"end":{"line":186,"column":4}}]},"14":{"line":187,"type":"if","locations":[{"start":{"line":187,"column":4},"end":{"line":187,"column":4}},{"start":{"line":187,"column":4},"end":{"line":187,"column":4}}]},"15":{"line":193,"type":"if","locations":[{"start":{"line":193,"column":4},"end":{"line":193,"column":4}},{"start":{"line":193,"column":4},"end":{"line":193,"column":4}}]},"16":{"line":198,"type":"if","locations":[{"start":{"line":198,"column":4},"end":{"line":198,"column":4}},{"start":{"line":198,"column":4},"end":{"line":198,"column":4}}]},"17":{"line":204,"type":"if","locations":[{"start":{"line":204,"column":6},"end":{"line":204,"column":6}},{"start":{"line":204,"column":6},"end":{"line":204,"column":6}}]},"18":{"line":207,"type":"if","locations":[{"start":{"line":207,"column":6},"end":{"line":207,"column":6}},{"start":{"line":207,"column":6},"end":{"line":207,"column":6}}]},"19":{"line":216,"type":"if","locations":[{"start":{"line":216,"column":4},"end":{"line":216,"column":4}},{"start":{"line":216,"column":4},"end":{"line":216,"column":4}}]}}},"/home/christoph/Documents/tokensale/etherisc-tge/contracts/tokensale/TokenTimelock.sol":{"l":{"38":9,"39":7,"40":7,"49":6,"60":6,"62":2,"63":2,"64":2,"66":0,"67":0,"78":3},"path":"/home/christoph/Documents/tokensale/etherisc-tge/contracts/tokensale/TokenTimelock.sol","s":{"1":9,"2":7,"3":7,"4":6,"5":6,"6":2,"7":2,"8":2,"9":2,"10":0,"11":0,"12":3},"b":{"1":[7,2],"2":[2,4],"3":[2,0]},"f":{"1":7,"2":9,"3":6,"4":6,"5":3},"fnMap":{"1":{"name":"TokenTimelock","line":26,"loc":{"start":{"line":26,"column":2},"end":{"line":26,"column":65}}},"2":{"name":"setTimelockFor","line":37,"loc":{"start":{"line":37,"column":2},"end":{"line":37,"column":80}}},"3":{"name":"setTimelock","line":48,"loc":{"start":{"line":48,"column":2},"end":{"line":48,"column":60}}},"4":{"name":"releaseTimelockFor","line":59,"loc":{"start":{"line":59,"column":2},"end":{"line":59,"column":101}}},"5":{"name":"releaseTimelock","line":77,"loc":{"start":{"line":77,"column":2},"end":{"line":77,"column":76}}}},"statementMap":{"1":{"start":{"line":38,"column":4},"end":{"line":38,"column":37}},"2":{"start":{"line":39,"column":4},"end":{"line":39,"column":86}},"3":{"start":{"line":40,"column":4},"end":{"line":40,"column":44}},"4":{"start":{"line":49,"column":4},"end":{"line":49,"column":51}},"5":{"start":{"line":60,"column":4},"end":{"line":60,"column":31}},"6":{"start":{"line":61,"column":4},"end":{"line":61,"column":92}},"7":{"start":{"line":62,"column":4},"end":{"line":62,"column":2284}},"8":{"start":{"line":63,"column":6},"end":{"line":63,"column":53}},"9":{"start":{"line":64,"column":6},"end":{"line":64,"column":17}},"10":{"start":{"line":66,"column":6},"end":{"line":66,"column":94}},"11":{"start":{"line":67,"column":6},"end":{"line":67,"column":18}},"12":{"start":{"line":78,"column":4},"end":{"line":78,"column":63}}},"branchMap":{"1":{"line":38,"type":"if","locations":[{"start":{"line":38,"column":4},"end":{"line":38,"column":4}},{"start":{"line":38,"column":4},"end":{"line":38,"column":4}}]},"2":{"line":60,"type":"if","locations":[{"start":{"line":60,"column":4},"end":{"line":60,"column":4}},{"start":{"line":60,"column":4},"end":{"line":60,"column":4}}]},"3":{"line":62,"type":"if","locations":[{"start":{"line":62,"column":4},"end":{"line":62,"column":4}},{"start":{"line":62,"column":4},"end":{"line":62,"column":4}}]}}},"/home/christoph/Documents/tokensale/etherisc-tge/contracts/tokensale/VestedTokens.sol":{"l":{"26":0,"28":0,"36":0,"37":0,"39":0,"40":0},"path":"/home/christoph/Documents/tokensale/etherisc-tge/contracts/tokensale/VestedTokens.sol","s":{"1":0,"2":0,"3":0,"4":0,"5":0,"6":0,"7":0,"8":0},"b":{"1":[0,0],"2":[0,0]},"f":{"1":0,"2":0},"fnMap":{"1":{"name":"VestedTokens","line":22,"loc":{"start":{"line":22,"column":2},"end":{"line":22,"column":63}}},"2":{"name":"grant","line":34,"loc":{"start":{"line":34,"column":2},"end":{"line":34,"column":75}}}},"statementMap":{"1":{"start":{"line":24,"column":4},"end":{"line":24,"column":33}},"2":{"start":{"line":25,"column":4},"end":{"line":25,"column":17}},"3":{"start":{"line":26,"column":4},"end":{"line":26,"column":45}},"4":{"start":{"line":28,"column":4},"end":{"line":28,"column":55}},"5":{"start":{"line":36,"column":4},"end":{"line":36,"column":46}},"6":{"start":{"line":37,"column":4},"end":{"line":37,"column":50}},"7":{"start":{"line":39,"column":4},"end":{"line":39,"column":1072}},"8":{"start":{"line":40,"column":6},"end":{"line":40,"column":71}}},"branchMap":{"1":{"line":28,"type":"if","locations":[{"start":{"line":28,"column":4},"end":{"line":28,"column":4}},{"start":{"line":28,"column":4},"end":{"line":28,"column":4}}]},"2":{"line":37,"type":"if","locations":[{"start":{"line":37,"column":4},"end":{"line":37,"column":4}},{"start":{"line":37,"column":4},"end":{"line":37,"column":4}}]}}}}