TN:
SF:/home/christoph/Documents/tokensale/etherisc-tge/contracts/protocol/TokenStakeERC20.sol
FN:23,onlyToken
FN:28,TokenStakeERC20
FN:33,stake
FN:43,release
FN:51,release
FN:55,stakedOf
FNF:6
FNH:0
FNDA:0,onlyToken
FNDA:0,TokenStakeERC20
FNDA:0,stake
FNDA:0,release
FNDA:0,release
FNDA:0,stakedOf
DA:24,0
DA:25,0
DA:29,0
DA:34,0
DA:35,0
DA:36,0
DA:37,0
DA:39,0
DA:44,0
DA:45,0
DA:46,0
DA:47,0
DA:52,0
DA:56,0
LF:14
LH:0
BRDA:24,1,0,0
BRDA:24,1,1,0
BRDA:34,2,0,0
BRDA:34,2,1,0
BRDA:44,3,0,0
BRDA:44,3,1,0
BRF:6
BRH:0
end_of_record
TN:
SF:/home/christoph/Documents/tokensale/etherisc-tge/contracts/protocol/TokenStakeERC23.sol
FN:23,onlyToken
FN:28,TokenStakeERC23
FN:32,tokenFallback
FN:37,stake
FN:44,release
FN:52,stakedOf
FNF:6
FNH:0
FNDA:0,onlyToken
FNDA:0,TokenStakeERC23
FNDA:0,tokenFallback
FNDA:0,stake
FNDA:0,release
FNDA:0,stakedOf
DA:24,0
DA:25,0
DA:29,0
DA:33,0
DA:38,0
DA:39,0
DA:40,0
DA:45,0
DA:46,0
DA:47,0
DA:48,0
DA:53,0
LF:12
LH:0
BRDA:24,1,0,0
BRDA:24,1,1,0
BRDA:45,2,0,0
BRDA:45,2,1,0
BRF:4
BRH:0
end_of_record
TN:
SF:/home/christoph/Documents/tokensale/etherisc-tge/contracts/token/DipToken.sol
FN:27,mint
FNF:1
FNH:1
FNDA:5,mint
DA:28,5
DA:29,1
DA:30,4
LF:3
LH:3
BRDA:28,1,0,1
BRDA:28,1,1,4
BRF:2
BRH:2
end_of_record
TN:
SF:/home/christoph/Documents/tokensale/etherisc-tge/contracts/tokensale/DipTge.sol
FN:48,DipTge
FN:75,createTokenContract
FN:82,finalization
FN:93,salvageTokens
FNF:4
FNH:2
FNDA:27,DipTge
FNDA:27,createTokenContract
FNDA:0,finalization
FNDA:0,salvageTokens
DA:64,27
DA:65,27
DA:67,27
DA:76,27
DA:83,0
DA:85,0
DA:94,0
LF:7
LH:4
BRDA:64,1,0,27
BRDA:64,1,1,0
BRF:2
BRH:1
end_of_record
TN:
SF:/home/christoph/Documents/tokensale/etherisc-tge/contracts/tokensale/DipWhitelistedCrowdsale.sol
FN:59,DipWhitelistedCrowdsale
FN:78,editContributors
FN:104,calculateMaxContribution
FN:135,setCrowdsaleState
FN:169,buyTokens
FN:205,validPurchase
FNF:6
FNH:6
FNDA:27,DipWhitelistedCrowdsale
FNDA:27,editContributors
FNDA:21,calculateMaxContribution
FNDA:20,setCrowdsaleState
FNDA:15,buyTokens
FNDA:15,validPurchase
DA:67,27
DA:68,27
DA:69,27
DA:70,27
DA:71,27
DA:85,27
DA:90,25
DA:91,50
DA:92,50
DA:94,50
DA:95,50
DA:106,21
DA:107,21
DA:108,3
DA:110,9
DA:114,9
DA:115,0
DA:118,3
DA:120,2
DA:122,1
DA:125,3
DA:127,3
DA:129,21
DA:136,20
DA:137,0
DA:138,0
DA:139,0
DA:142,20
DA:143,5
DA:144,4
DA:145,4
DA:148,1
DA:149,1
DA:150,1
DA:153,1
DA:154,1
DA:155,1
DA:158,13
DA:159,7
DA:160,7
DA:170,15
DA:171,15
DA:173,3
DA:174,3
DA:175,3
DA:177,3
DA:178,0
DA:179,0
DA:183,3
DA:186,3
DA:187,3
DA:188,0
DA:190,3
DA:191,3
DA:193,3
DA:194,3
DA:196,3
DA:197,3
DA:206,15
DA:207,15
LF:60
LH:53
BRDA:85,1,0,25
BRDA:85,1,1,2
BRDA:107,2,0,3
BRDA:107,2,1,18
BRDA:109,3,0,9
BRDA:109,3,1,9
BRDA:114,4,0,0
BRDA:114,4,1,9
BRDA:117,5,0,3
BRDA:117,5,1,6
BRDA:118,6,0,2
BRDA:118,6,1,1
BRDA:124,7,0,3
BRDA:124,7,1,3
BRDA:136,8,0,0
BRDA:136,8,1,20
BRDA:142,9,0,5
BRDA:142,9,1,15
BRDA:143,10,0,4
BRDA:143,10,1,1
BRDA:147,11,0,1
BRDA:147,11,1,14
BRDA:148,12,0,1
BRDA:148,12,1,0
BRDA:152,13,0,1
BRDA:152,13,1,13
BRDA:153,14,0,1
BRDA:153,14,1,0
BRDA:158,15,0,7
BRDA:158,15,1,6
BRDA:170,16,0,15
BRDA:170,16,1,0
BRDA:171,17,0,3
BRDA:171,17,1,12
BRDA:177,18,0,0
BRDA:177,18,1,3
BRDA:187,19,0,0
BRDA:187,19,1,3
BRDA:190,20,0,0
BRDA:190,20,1,3
BRDA:197,21,0,0
BRDA:197,21,1,3
BRF:42
BRH:33
end_of_record
TN:
SF:/home/christoph/Documents/tokensale/etherisc-tge/contracts/tokensale/TokenTimelock.sol
FN:20,setTimelock
FN:26,releaseTimelock
FNF:2
FNH:0
FNDA:0,setTimelock
FNDA:0,releaseTimelock
DA:21,0
DA:22,0
DA:27,0
DA:29,0
LF:4
LH:0
BRDA:21,1,0,0
BRDA:21,1,1,0
BRDA:27,2,0,0
BRDA:27,2,1,0
BRF:4
BRH:0
end_of_record
TN:
SF:/home/christoph/Documents/tokensale/etherisc-tge/contracts/tokensale/VestedTokens.sol
FN:23,VestedTokens
FN:36,grant
FNF:2
FNH:0
FNDA:0,VestedTokens
FNDA:0,grant
DA:25,0
DA:28,0
DA:30,0
DA:38,0
DA:39,0
DA:41,0
DA:42,0
LF:7
LH:0
BRDA:30,1,0,0
BRDA:30,1,1,0
BRDA:39,2,0,0
BRDA:39,2,1,0
BRF:4
BRH:0
end_of_record
