TN:
SF:/home/christoph/Documents/tokensale/etherisc-tge/contracts/protocol/TokenStake.sol
FN:28,TokenStake
FN:33,stakeFor
FN:42,stake
FN:46,releaseFor
FN:57,release
FNF:5
FNH:5
FNDA:12,TokenStake
FNDA:14,stakeFor
FNDA:8,stake
FNDA:9,releaseFor
FNDA:5,release
DA:29,12
DA:34,14
DA:35,13
DA:36,13
DA:37,13
DA:39,1
DA:43,8
DA:48,7
DA:49,6
DA:50,6
DA:52,1
DA:53,1
DA:58,5
LF:13
LH:13
BRDA:34,1,0,13
BRDA:34,1,1,1
BRDA:48,2,0,6
BRDA:48,2,1,1
BRF:4
BRH:4
end_of_record
TN:
SF:/home/christoph/Documents/tokensale/etherisc-tge/contracts/token/DipToken.sol
FN:27,mint
FNF:1
FNH:0
FNDA:0,mint
DA:28,0
DA:29,0
DA:30,0
LF:3
LH:0
BRDA:28,1,0,0
BRDA:28,1,1,0
BRF:2
BRH:0
end_of_record
TN:
SF:/home/christoph/Documents/tokensale/etherisc-tge/contracts/tokensale/DipTge.sol
FN:48,DipTge
FN:71,unpauseToken
FN:81,createTokenContract
FN:88,finalization
FN:99,salvageTokens
FNF:5
FNH:0
FNDA:0,DipTge
FNDA:0,unpauseToken
FNDA:0,createTokenContract
FNDA:0,finalization
FNDA:0,salvageTokens
DA:64,0
DA:65,0
DA:67,0
DA:73,0
DA:82,0
DA:89,0
DA:91,0
DA:100,0
LF:8
LH:0
BRDA:64,1,0,0
BRDA:64,1,1,0
BRF:2
BRH:0
end_of_record
TN:
SF:/home/christoph/Documents/tokensale/etherisc-tge/contracts/tokensale/DipWhitelistedCrowdsale.sol
FN:59,DipWhitelistedCrowdsale
FN:78,editContributors
FN:104,calculateMaxContribution
FN:135,setCrowdsaleState
FN:185,buyTokens
FN:225,validPurchase
FNF:6
FNH:0
FNDA:0,DipWhitelistedCrowdsale
FNDA:0,editContributors
FNDA:0,calculateMaxContribution
FNDA:0,setCrowdsaleState
FNDA:0,buyTokens
FNDA:0,validPurchase
DA:67,0
DA:68,0
DA:69,0
DA:70,0
DA:71,0
DA:85,0
DA:90,0
DA:91,0
DA:92,0
DA:94,0
DA:95,0
DA:106,0
DA:107,0
DA:108,0
DA:110,0
DA:114,0
DA:115,0
DA:118,0
DA:120,0
DA:122,0
DA:125,0
DA:127,0
DA:129,0
DA:137,0
DA:139,0
DA:140,0
DA:141,0
DA:149,0
DA:150,0
DA:158,0
DA:159,0
DA:167,0
DA:168,0
DA:175,0
DA:176,0
DA:186,0
DA:187,0
DA:189,0
DA:190,0
DA:191,0
DA:193,0
DA:194,0
DA:195,0
DA:198,0
DA:200,0
DA:203,0
DA:204,0
DA:205,0
DA:207,0
DA:208,0
DA:210,0
DA:211,0
DA:213,0
DA:216,0
DA:226,0
DA:227,0
LF:56
LH:0
BRDA:85,1,0,0
BRDA:85,1,1,0
BRDA:107,2,0,0
BRDA:107,2,1,0
BRDA:109,3,0,0
BRDA:109,3,1,0
BRDA:114,4,0,0
BRDA:114,4,1,0
BRDA:117,5,0,0
BRDA:117,5,1,0
BRDA:118,6,0,0
BRDA:118,6,1,0
BRDA:124,7,0,0
BRDA:124,7,1,0
BRDA:137,8,0,0
BRDA:137,8,1,0
BRDA:143,9,0,0
BRDA:143,9,1,0
BRDA:152,10,0,0
BRDA:152,10,1,0
BRDA:161,11,0,0
BRDA:161,11,1,0
BRDA:170,12,0,0
BRDA:170,12,1,0
BRDA:186,13,0,0
BRDA:186,13,1,0
BRDA:187,14,0,0
BRDA:187,14,1,0
BRDA:193,15,0,0
BRDA:193,15,1,0
BRDA:198,16,0,0
BRDA:198,16,1,0
BRDA:204,17,0,0
BRDA:204,17,1,0
BRDA:207,18,0,0
BRDA:207,18,1,0
BRDA:216,19,0,0
BRDA:216,19,1,0
BRF:38
BRH:0
end_of_record
TN:
SF:/home/christoph/Documents/tokensale/etherisc-tge/contracts/tokensale/TokenTimelock.sol
FN:21,setTimelock
FN:27,releaseTimelock
FNF:2
FNH:0
FNDA:0,setTimelock
FNDA:0,releaseTimelock
DA:22,0
DA:23,0
DA:28,0
DA:30,0
LF:4
LH:0
BRDA:22,1,0,0
BRDA:22,1,1,0
BRDA:28,2,0,0
BRDA:28,2,1,0
BRF:4
BRH:0
end_of_record
TN:
SF:/home/christoph/Documents/tokensale/etherisc-tge/contracts/tokensale/VestedTokens.sol
FN:23,VestedTokens
FN:36,grant
FNF:2
FNH:0
FNDA:0,VestedTokens
FNDA:0,grant
DA:25,0
DA:28,0
DA:30,0
DA:38,0
DA:39,0
DA:41,0
DA:42,0
LF:7
LH:0
BRDA:30,1,0,0
BRDA:30,1,1,0
BRDA:39,2,0,0
BRDA:39,2,1,0
BRF:4
BRH:0
end_of_record
